<?xml version="1.0" encoding="UTF-8" ?>
<testsuite failures="0" time="4.547" errors="0" skipped="0" tests="4" name="storm.kafka.DynamicBrokersReaderTest">
  <properties>
[...]
</properties>
  <testcase time="1.141" classname="storm.kafka.DynamicBrokersReaderTest" name="testMultiplePartitionsOnDifferentHosts"/>
  <testcase time="1.133" classname="storm.kafka.DynamicBrokersReaderTest" name="testSwitchHostForPartition"/>
  <testcase time="1.118" classname="storm.kafka.DynamicBrokersReaderTest" name="testGetBrokerInfo"/>
  <testcase time="1.152" classname="storm.kafka.DynamicBrokersReaderTest" name="testMultiplePartitionsOnSameHost"/>
</testsuite>