<?xml version="1.0" encoding="UTF-8"?>
<!-- Generated by org.testng.reporters.JUnitReportReporter -->
<testsuite hostname="new-host-4.local" name="storm.starter.tools.NthLastModifiedTimeTrackerTest" tests="39" failures="0" timestamp="28 Oct 2015 21:00:26 GMT" time="0.020" errors="0">
  <testcase name="shouldReturnCorrectModifiedTimeWhenMarkedAsModified" time="0.004" classname="storm.starter.tools.NthLastModifiedTimeTrackerTest"/>
  <testcase name="shouldReturnCorrectModifiedTimeWhenMarkedAsModified" time="0.001" classname="storm.starter.tools.NthLastModifiedTimeTrackerTest"/>
  <testcase name="shouldReturnCorrectModifiedTimeWhenMarkedAsModified" time="0.000" classname="storm.starter.tools.NthLastModifiedTimeTrackerTest"/>
  <testcase name="negativeOrZeroNumTimesToTrackShouldThrowIAE" time="0.000" classname="storm.starter.tools.NthLastModifiedTimeTrackerTest"/>
  <testcase name="shouldReturnCorrectModifiedTimeEvenWhenNotYetMarkedAsModified" time="0.001" classname="storm.starter.tools.NthLastModifiedTimeTrackerTest"/>
  <testcase name="negativeOrZeroNumTimesToTrackShouldThrowIAE" time="0.000" classname="storm.starter.tools.NthLastModifiedTimeTrackerTest"/>
  <testcase name="shouldReturnCorrectModifiedTimeWhenMarkedAsModified" time="0.000" classname="storm.starter.tools.NthLastModifiedTimeTrackerTest"/>
  <testcase name="positiveNumTimesToTrackShouldBeOk" time="0.000" classname="storm.starter.tools.NthLastModifiedTimeTrackerTest"/>
  <testcase name="negativeOrZeroNumTimesToTrackShouldThrowIAE" time="0.001" classname="storm.starter.tools.NthLastModifiedTimeTrackerTest"/>
  <testcase name="shouldReturnCorrectModifiedTimeWhenMarkedAsModified" time="0.000" classname="storm.starter.tools.NthLastModifiedTimeTrackerTest"/>
  <testcase name="shouldReturnCorrectModifiedTimeEvenWhenNotYetMarkedAsModified" time="0.001" classname="storm.starter.tools.NthLastModifiedTimeTrackerTest"/>
  <testcase name="shouldReturnCorrectModifiedTimeWhenMarkedAsModified" time="0.000" classname="storm.starter.tools.NthLastModifiedTimeTrackerTest"/>
  <testcase name="shouldReturnCorrectModifiedTimeWhenMarkedAsModified" time="0.001" classname="storm.starter.tools.NthLastModifiedTimeTrackerTest"/>
  <testcase name="shouldReturnCorrectModifiedTimeWhenMarkedAsModified" time="0.000" classname="storm.starter.tools.NthLastModifiedTimeTrackerTest"/>
  <testcase name="shouldReturnCorrectModifiedTimeWhenMarkedAsModified" time="0.001" classname="storm.starter.tools.NthLastModifiedTimeTrackerTest"/>
  <testcase name="shouldReturnCorrectModifiedTimeWhenMarkedAsModified" time="0.001" classname="storm.starter.tools.NthLastModifiedTimeTrackerTest"/>
  <testcase name="shouldReturnCorrectModifiedTimeEvenWhenNotYetMarkedAsModified" time="0.000" classname="storm.starter.tools.NthLastModifiedTimeTrackerTest"/>
  <testcase name="negativeOrZeroNumTimesToTrackShouldThrowIAE" time="0.001" classname="storm.starter.tools.NthLastModifiedTimeTrackerTest"/>
  <testcase name="shouldReturnCorrectModifiedTimeEvenWhenNotYetMarkedAsModified" time="0.000" classname="storm.starter.tools.NthLastModifiedTimeTrackerTest"/>
  <testcase name="shouldReturnCorrectModifiedTimeEvenWhenNotYetMarkedAsModified" time="0.000" classname="storm.starter.tools.NthLastModifiedTimeTrackerTest"/>
  <testcase name="shouldReturnCorrectModifiedTimeWhenMarkedAsModified" time="0.000" classname="storm.starter.tools.NthLastModifiedTimeTrackerTest"/>
  <testcase name="negativeOrZeroNumTimesToTrackShouldThrowIAE" time="0.001" classname="storm.starter.tools.NthLastModifiedTimeTrackerTest"/>
  <testcase name="positiveNumTimesToTrackShouldBeOk" time="0.000" classname="storm.starter.tools.NthLastModifiedTimeTrackerTest"/>
  <testcase name="shouldReturnCorrectModifiedTimeWhenMarkedAsModified" time="0.000" classname="storm.starter.tools.NthLastModifiedTimeTrackerTest"/>
  <testcase name="shouldReturnCorrectModifiedTimeWhenMarkedAsModified" time="0.000" classname="storm.starter.tools.NthLastModifiedTimeTrackerTest"/>
  <testcase name="shouldReturnCorrectModifiedTimeWhenMarkedAsModified" time="0.001" classname="storm.starter.tools.NthLastModifiedTimeTrackerTest"/>
  <testcase name="shouldReturnCorrectModifiedTimeWhenMarkedAsModified" time="0.000" classname="storm.starter.tools.NthLastModifiedTimeTrackerTest"/>
  <testcase name="shouldReturnCorrectModifiedTimeWhenMarkedAsModified" time="0.000" classname="storm.starter.tools.NthLastModifiedTimeTrackerTest"/>
  <testcase name="shouldReturnCorrectModifiedTimeWhenMarkedAsModified" time="0.000" classname="storm.starter.tools.NthLastModifiedTimeTrackerTest"/>
  <testcase name="shouldReturnCorrectModifiedTimeEvenWhenNotYetMarkedAsModified" time="0.000" classname="storm.starter.tools.NthLastModifiedTimeTrackerTest"/>
  <testcase name="shouldReturnCorrectModifiedTimeWhenMarkedAsModified" time="0.000" classname="storm.starter.tools.NthLastModifiedTimeTrackerTest"/>
  <testcase name="shouldReturnCorrectModifiedTimeWhenMarkedAsModified" time="0.001" classname="storm.starter.tools.NthLastModifiedTimeTrackerTest"/>
  <testcase name="shouldReturnCorrectModifiedTimeWhenMarkedAsModified" time="0.000" classname="storm.starter.tools.NthLastModifiedTimeTrackerTest"/>
  <testcase name="positiveNumTimesToTrackShouldBeOk" time="0.000" classname="storm.starter.tools.NthLastModifiedTimeTrackerTest"/>
  <testcase name="shouldReturnCorrectModifiedTimeEvenWhenNotYetMarkedAsModified" time="0.001" classname="storm.starter.tools.NthLastModifiedTimeTrackerTest"/>
  <testcase name="shouldReturnCorrectModifiedTimeWhenMarkedAsModified" time="0.000" classname="storm.starter.tools.NthLastModifiedTimeTrackerTest"/>
  <testcase name="shouldReturnCorrectModifiedTimeWhenMarkedAsModified" time="0.001" classname="storm.starter.tools.NthLastModifiedTimeTrackerTest"/>
  <testcase name="shouldReturnCorrectModifiedTimeEvenWhenNotYetMarkedAsModified" time="0.000" classname="storm.starter.tools.NthLastModifiedTimeTrackerTest"/>
  <testcase name="positiveNumTimesToTrackShouldBeOk" time="0.003" classname="storm.starter.tools.NthLastModifiedTimeTrackerTest"/>
</testsuite> <!-- storm.starter.tools.NthLastModifiedTimeTrackerTest -->
