<?xml version="1.0" encoding="UTF-8"?>
<!-- Generated by org.testng.reporters.JUnitReportReporter -->
<testsuite hostname="new-host-4.local" name="storm.starter.tools.SlidingWindowCounterTest" tests="15" failures="0" timestamp="28 Oct 2015 21:00:26 GMT" time="0.004" errors="0">
  <testcase name="twoOrMoreSlotsShouldBeValid" time="0.000" classname="storm.starter.tools.SlidingWindowCounterTest"/>
  <testcase name="testCounterWithSimulatedRuns" time="0.000" classname="storm.starter.tools.SlidingWindowCounterTest"/>
  <testcase name="testCounterWithSimulatedRuns" time="0.002" classname="storm.starter.tools.SlidingWindowCounterTest"/>
  <testcase name="testCounterWithSimulatedRuns" time="0.000" classname="storm.starter.tools.SlidingWindowCounterTest"/>
  <testcase name="twoOrMoreSlotsShouldBeValid" time="0.000" classname="storm.starter.tools.SlidingWindowCounterTest"/>
  <testcase name="lessThanTwoSlotsShouldThrowIAE" time="0.000" classname="storm.starter.tools.SlidingWindowCounterTest"/>
  <testcase name="testCounterWithSimulatedRuns" time="0.000" classname="storm.starter.tools.SlidingWindowCounterTest"/>
  <testcase name="newInstanceShouldHaveEmptyCounts" time="0.000" classname="storm.starter.tools.SlidingWindowCounterTest"/>
  <testcase name="lessThanTwoSlotsShouldThrowIAE" time="0.000" classname="storm.starter.tools.SlidingWindowCounterTest"/>
  <testcase name="lessThanTwoSlotsShouldThrowIAE" time="0.000" classname="storm.starter.tools.SlidingWindowCounterTest"/>
  <testcase name="lessThanTwoSlotsShouldThrowIAE" time="0.000" classname="storm.starter.tools.SlidingWindowCounterTest"/>
  <testcase name="lessThanTwoSlotsShouldThrowIAE" time="0.000" classname="storm.starter.tools.SlidingWindowCounterTest"/>
  <testcase name="testCounterWithSimulatedRuns" time="0.001" classname="storm.starter.tools.SlidingWindowCounterTest"/>
  <testcase name="lessThanTwoSlotsShouldThrowIAE" time="0.001" classname="storm.starter.tools.SlidingWindowCounterTest"/>
  <testcase name="twoOrMoreSlotsShouldBeValid" time="0.000" classname="storm.starter.tools.SlidingWindowCounterTest"/>
</testsuite> <!-- storm.starter.tools.SlidingWindowCounterTest -->
