<?xml version="1.0" encoding="UTF-8"?>
<!-- Generated by org.testng.reporters.JUnitReportReporter -->
<testsuite hostname="new-host-4.local" name="storm.starter.tools.SlotBasedCounterTest" tests="16" failures="0" timestamp="28 Oct 2015 21:00:26 GMT" time="0.001" errors="0">
  <testcase name="wipeSlotShouldSetAllCountsInSlotToZero" time="0.000" classname="storm.starter.tools.SlotBasedCounterTest"/>
  <testcase name="negativeOrZeroNumSlotsShouldThrowIAE" time="0.000" classname="storm.starter.tools.SlotBasedCounterTest"/>
  <testcase name="positiveNumSlotsShouldBeOk" time="0.000" classname="storm.starter.tools.SlotBasedCounterTest"/>
  <testcase name="positiveNumSlotsShouldBeOk" time="0.000" classname="storm.starter.tools.SlotBasedCounterTest"/>
  <testcase name="shouldIncrementCountOnlyOneSlotAtATime" time="0.000" classname="storm.starter.tools.SlotBasedCounterTest"/>
  <testcase name="shouldReturnNonEmptyCountsWhenAtLeastOneObjectWasCounted" time="0.000" classname="storm.starter.tools.SlotBasedCounterTest"/>
  <testcase name="positiveNumSlotsShouldBeOk" time="0.000" classname="storm.starter.tools.SlotBasedCounterTest"/>
  <testcase name="negativeOrZeroNumSlotsShouldThrowIAE" time="0.000" classname="storm.starter.tools.SlotBasedCounterTest"/>
  <testcase name="negativeOrZeroNumSlotsShouldThrowIAE" time="0.001" classname="storm.starter.tools.SlotBasedCounterTest"/>
  <testcase name="shouldIncrementCount" time="0.000" classname="storm.starter.tools.SlotBasedCounterTest"/>
  <testcase name="newInstanceShouldHaveEmptyCounts" time="0.000" classname="storm.starter.tools.SlotBasedCounterTest"/>
  <testcase name="negativeOrZeroNumSlotsShouldThrowIAE" time="0.000" classname="storm.starter.tools.SlotBasedCounterTest"/>
  <testcase name="shouldReturnZeroForNonexistentObject" time="0.000" classname="storm.starter.tools.SlotBasedCounterTest"/>
  <testcase name="wipeZerosShouldRemoveAnyObjectsWithZeroTotalCount" time="0.000" classname="storm.starter.tools.SlotBasedCounterTest"/>
  <testcase name="positiveNumSlotsShouldBeOk" time="0.000" classname="storm.starter.tools.SlotBasedCounterTest"/>
  <testcase name="negativeOrZeroNumSlotsShouldThrowIAE" time="0.000" classname="storm.starter.tools.SlotBasedCounterTest"/>
</testsuite> <!-- storm.starter.tools.SlotBasedCounterTest -->
